18:24:55 **** Incremental Build of configuration Debug for project Stratos ****
Info: Internal Builder is used for build
arm-atollic-eabi-gcc -c ..\Src\fm_radio.c -mthumb -mcpu=cortex-m7 -mfloat-abi=hard -mfpu=fpv5-sp-d16 -std=gnu11 -D__weak=__attribute__((weak)) -D__packed=__attribute__((__packed__)) -DUSE_HAL_DRIVER -DSTM32F767xx -IG:\Stratos\Stratos\Drivers\STM32F7xx_HAL_Driver\Inc\Legacy -IG:\Stratos\Stratos\usb -IG:\Stratos\Stratos\librtlsdr -IG:\Stratos\Stratos\librtlsdr\convenience -IG:\Stratos\Stratos\Drivers\STM32F7xx_HAL_Driver\Inc -I../Inc -I../Middlewares/ST/STM32_USB_Host_Library/Core/Inc -I../Middlewares/ST/STM32_USB_Host_Library/Class/CDC/Inc -I../Drivers/CMSIS/Device/ST/STM32F7xx/Include -I../Drivers/CMSIS/Include -O0 -ffunction-sections -fdata-sections -g -fstack-usage -Wall -specs=nano.specs -o Src\fm_radio.o 
..\Src\fm_radio.c: In function 'detectModeS':
..\Src\fm_radio.c:480:22: warning: implicit declaration of function 'abs' [-Wimplicit-function-declaration]
             delta += abs(m[j+i+MODES_PREAMBLE_US*2]-
                      ^~~
arm-atollic-eabi-g++ -o Stratos.elf Drivers\STM32F7xx_HAL_Driver\Src\stm32f7xx_hal.o Drivers\STM32F7xx_HAL_Driver\Src\stm32f7xx_hal_cortex.o Drivers\STM32F7xx_HAL_Driver\Src\stm32f7xx_hal_dma.o Drivers\STM32F7xx_HAL_Driver\Src\stm32f7xx_hal_dma_ex.o Drivers\STM32F7xx_HAL_Driver\Src\stm32f7xx_hal_dsi.o Drivers\STM32F7xx_HAL_Driver\Src\stm32f7xx_hal_flash.o Drivers\STM32F7xx_HAL_Driver\Src\stm32f7xx_hal_flash_ex.o Drivers\STM32F7xx_HAL_Driver\Src\stm32f7xx_hal_gpio.o Drivers\STM32F7xx_HAL_Driver\Src\stm32f7xx_hal_hcd.o Drivers\STM32F7xx_HAL_Driver\Src\stm32f7xx_hal_i2c.o Drivers\STM32F7xx_HAL_Driver\Src\stm32f7xx_hal_i2c_ex.o Drivers\STM32F7xx_HAL_Driver\Src\stm32f7xx_hal_ltdc.o Drivers\STM32F7xx_HAL_Driver\Src\stm32f7xx_hal_ltdc_ex.o Drivers\STM32F7xx_HAL_Driver\Src\stm32f7xx_hal_pwr.o Drivers\STM32F7xx_HAL_Driver\Src\stm32f7xx_hal_pwr_ex.o Drivers\STM32F7xx_HAL_Driver\Src\stm32f7xx_hal_rcc.o Drivers\STM32F7xx_HAL_Driver\Src\stm32f7xx_hal_rcc_ex.o Drivers\STM32F7xx_HAL_Driver\Src\stm32f7xx_hal_sd.o Drivers\STM32F7xx_HAL_Driver\Src\stm32f7xx_hal_sdram.o Drivers\STM32F7xx_HAL_Driver\Src\stm32f7xx_hal_tim.o Drivers\STM32F7xx_HAL_Driver\Src\stm32f7xx_hal_tim_ex.o Drivers\STM32F7xx_HAL_Driver\Src\stm32f7xx_hal_uart.o Drivers\STM32F7xx_HAL_Driver\Src\stm32f7xx_ll_fmc.o Drivers\STM32F7xx_HAL_Driver\Src\stm32f7xx_ll_sdmmc.o Drivers\STM32F7xx_HAL_Driver\Src\stm32f7xx_ll_usb.o Middlewares\ST\STM32_USB_Host_Library\Class\CDC\Src\usbh_cdc.o Middlewares\ST\STM32_USB_Host_Library\Core\Src\usbh_core.o Middlewares\ST\STM32_USB_Host_Library\Core\Src\usbh_ctlreq.o Middlewares\ST\STM32_USB_Host_Library\Core\Src\usbh_ioreq.o Middlewares\ST\STM32_USB_Host_Library\Core\Src\usbh_pipes.o Src\fm_radio.o Src\fmc.o Src\gpio.o Src\i2c.o Src\ltdc.o Src\main.o Src\sdmmc.o Src\stm32f7xx_hal_msp.o Src\stm32f7xx_it.o Src\system_stm32f7xx.o Src\tim.o Src\usart.o Src\usb_host.o Src\usbh_conf.o librtlsdr\convenience\convenience.o librtlsdr\librtlsdr.o librtlsdr\tuner_e4k.o librtlsdr\tuner_fc0012.o librtlsdr\tuner_fc0013.o librtlsdr\tuner_fc2580.o librtlsdr\tuner_r82xx.o startup\startup_stm32f767xx.o usb\libusb_port.o -mthumb -mcpu=cortex-m7 -mfloat-abi=hard -mfpu=fpv5-sp-d16 -T..\stm32f7_flash.ld -specs=nosys.specs -static -Wl,-cref,-u,Reset_Handler -Wl,-Map=Stratos.map -Wl,--gc-sections -Wl,--defsym=malloc_getpagesize_P=0x1000 -Wl,--start-group -lc -lm -lstdc++ -lsupc++ -Wl,--end-group -specs=nano.specs 
G:\Programs\TrueSTUDIO for ARM 8.0.0\ide\jre\bin\java -jar G:\Programs\TrueSTUDIO for ARM 8.0.0\Tools\arm-atollic-reports.jar sizeinfo list G:\Stratos\Stratos\Debug\Stratos.elf 
Generate build reports...
Print size information
   text	   data	    bss	    dec	    hex	filename
  58944	   1028	  74792	 134764	  20e6c	G:\Stratos\Stratos\Debug\Stratos.elf
Print size information done
Generate listing file
Output sent to: G:\Stratos\Stratos\Debug\Stratos.list
Generate listing file done
Generate build reports done
Info: Parallel threads used: 1
18:24:58 **** Incremental Build of configuration Debug for project Stratos ****
Info: Internal Builder is used for build
Info: Parallel threads used: 0
